Initializing Properties files......
Opened the browser :- chrome
Navigated to url :- https://www.amazon.in
Initializing Properties files......
Opened the browser :- chrome
Navigated to url :- https://www.amazon.in
Selected the option :- Books by using locator :- searchDropdownBox
Entered the text :- Harry Potter by using locator :- twotabsearchtextbox
Clicked on element by using the locator :- //div[@class='nav-search-submit nav-sprite']//input[@class='nav-input']
Initializing Properties files......
Opened the browser :- chrome
Navigated to url :- https://www.amazon.in
Selected the option :- Books by using locator :- searchDropdownBox
Entered the text :- Harry Potter by using locator :- twotabsearchtextbox
Clicked on element by using the locator :- //div[@class='nav-search-submit nav-sprite']//input[@class='nav-input']
Initializing Properties files......
Opened the browser :- chrome
Navigated to url :- https://www.amazon.in
Selected the option :- Books by using locator :- searchDropdownBox
Entered the text :- Harry Potter by using locator :- twotabsearchtextbox
Clicked on element by using the locator :- //div[@class='nav-search-submit nav-sprite']//input[@class='nav-input']
Initializing Properties files......
Opened the browser :- chrome
Navigated to url :- https://www.amazon.in
Selected the option :- Books by using locator :- searchDropdownBox
Entered the text :- Harry Potter by using locator :- twotabsearchtextbox
Clicked on element by using the locator :- //div[@class='nav-search-submit nav-sprite']//input[@class='nav-input']
Initializing Properties files......
Initializing Properties files......
Opened the browser :- chrome
Navigated to url :- https://www.amazon.in
Selected the option :- Books by using locator :- searchDropdownBox
Entered the text :- Harry Potter by using locator :- twotabsearchtextbox
Clicked on element by using the locator :- //div[@class='nav-search-submit nav-sprite']//input[@class='nav-input']
